{"logLevel":"debug","message":"multithreading is set to false"}
{"logLevel":"debug","message":"Using reflection to scan dependencies for gauge implementations..."}
SLF4J: A number (19) of logging calls during the initialization phase have been intercepted and are
SLF4J: now being replayed. These are subject to the filtering rules of the underlying logging system.
SLF4J: See also https://www.slf4j.org/codes.html#replay
{"logLevel":"debug","message":"gauge-java took 313milliseconds to load and scan. This should be less than 'runner_connection_timeout' config value."}
{"logLevel":"debug","message":"run 'gauge config runner_connection_timeout' and verify that it is < 313"}
{"logLevel":"debug","message":"starting gRPC server..."}
2023-08-19 13:59:15 INFO  .(Reflections.java:219) scan - Reflections took 1174 ms to scan 181 urls, producing 6244 keys and 37637 values
{"logLevel":"debug","message":"Scanning packages for steps"}
{"logLevel":"debug","message":"Comparing 'stepImplementation.stepImplementation.findElement' and 'stepImplementation.stepImplementation.findElement'"}
{"logLevel":"debug","message":"Found {} Elementini sayfada bul in current project scope."}
{"logLevel":"debug","message":"Comparing 'stepImplementation.stepImplementation.selectElementAtIndex' and 'stepImplementation.stepImplementation.selectElementAtIndex'"}
{"logLevel":"debug","message":"Found Select {} element at {} index in in current project scope."}
{"logLevel":"debug","message":"Comparing 'stepImplementation.stepImplementation.jsclick' and 'stepImplementation.stepImplementation.jsclick'"}
{"logLevel":"debug","message":"Found js ile tikla {} in current project scope."}
{"logLevel":"debug","message":"Comparing 'base.BaseTest.initializeDriver' and 'base.BaseTest.initializeDriver'"}
{"logLevel":"debug","message":"Found Setup driver {} in current project scope."}
{"logLevel":"debug","message":"Comparing 'stepImplementation.stepImplementation.checkIfUrlContainsText' and 'stepImplementation.stepImplementation.checkIfUrlContainsText'"}
{"logLevel":"debug","message":"Found url {} textini içeriyor mu in current project scope."}
{"logLevel":"debug","message":"Comparing 'stepImplementation.stepImplementation.waitBySeconds' and 'stepImplementation.stepImplementation.waitBySeconds'"}
{"logLevel":"debug","message":"Found {} saniye Bekle in current project scope."}
{"logLevel":"debug","message":"Comparing 'stepImplementation.stepImplementation.getElementWithKeyIfExists' and 'stepImplementation.stepImplementation.getElementWithKeyIfExists'"}
{"logLevel":"debug","message":"Found Check if element {} exists in in current project scope."}
{"logLevel":"debug","message":"Comparing 'stepImplementation.stepImplementation.getElementWithKeyIfExists' and 'stepImplementation.stepImplementation.getElementWithKeyIfExists'"}
{"logLevel":"debug","message":"Found Element var mı kontrol et {} in in current project scope."}
{"logLevel":"debug","message":"Comparing 'stepImplementation.stepImplementation.chromeFocusLastTab' and 'stepImplementation.stepImplementation.chromeFocusLastTab'"}
{"logLevel":"debug","message":"Found Focus on last tab in current project scope."}
{"logLevel":"debug","message":"Comparing 'stepImplementation.stepImplementation.chromeFocusLastTab' and 'stepImplementation.stepImplementation.chromeFocusLastTab'"}
{"logLevel":"debug","message":"Found Son sekmeye odaklan in current project scope."}
{"logLevel":"debug","message":"Comparing 'stepImplementation.stepImplementation.ifElementExistsClick' and 'stepImplementation.stepImplementation.ifElementExistsClick'"}
{"logLevel":"debug","message":"Found {} Elementi görülürse tıklanılır in current project scope."}
{"logLevel":"debug","message":"Comparing 'stepImplementation.stepImplementation.sendKeys' and 'stepImplementation.stepImplementation.sendKeys'"}
{"logLevel":"debug","message":"Found {} Elementine {} değerini yaz in current project scope."}
{"logLevel":"debug","message":"Comparing 'stepImplementation.stepImplementation.GoUrl' and 'stepImplementation.stepImplementation.GoUrl'"}
{"logLevel":"debug","message":"Found Go to {} in current project scope."}
{"logLevel":"debug","message":"Comparing 'stepImplementation.stepImplementation.clickElement' and 'stepImplementation.stepImplementation.clickElement'"}
{"logLevel":"debug","message":"Found {} Elementine tıklanılır in current project scope."}
{"logLevel":"debug","message":"Comparing 'stepImplementation.stepImplementation.scrollToElement' and 'stepImplementation.stepImplementation.scrollToElement'"}
{"logLevel":"debug","message":"Found {} Elementine scroll et in current project scope."}
{"logLevel":"debug","message":"Scanning packages for hooks"}
{"logLevel":"debug","message":"Scanned steps (using static parsing + reflections): "}
{"logLevel":"debug","message":"\tSon sekmeye odaklan : public void chromeFocusLastTab()"}
{"logLevel":"debug","message":"\tSetup driver {} : public void initializeDriver(String driverName)"}
{"logLevel":"debug","message":"\t{} Elementine tıklanılır : public void clickElement(String elementName)"}
{"logLevel":"debug","message":"\t{} saniye Bekle : public void waitBySeconds(int seconds) throws InterruptedException"}
{"logLevel":"debug","message":"\tCheck if element {} exists in : public WebElement getElementWithKeyIfExists(String key) throws InterruptedException"}
{"logLevel":"debug","message":"\tjs ile tikla {} : public void jsclick(String key)"}
{"logLevel":"debug","message":"\tFocus on last tab : public void chromeFocusLastTab()"}
{"logLevel":"debug","message":"\t{} Elementini sayfada bul : public WebElement findElement(String elementName)"}
{"logLevel":"debug","message":"\tElement var mı kontrol et {} in : public WebElement getElementWithKeyIfExists(String key) throws InterruptedException"}
{"logLevel":"debug","message":"\t{} Elementine scroll et : public void scrollToElement(String elementName)"}
{"logLevel":"debug","message":"\turl {} textini içeriyor mu : public void checkIfUrlContainsText(String text)"}
{"logLevel":"debug","message":"\tGo to {} : public void GoUrl(String url)"}
{"logLevel":"debug","message":"\t{} Elementi görülürse tıklanılır : public void ifElementExistsClick(String key)"}
{"logLevel":"debug","message":"\t{} Elementine {} değerini yaz : public void sendKeys(String elementName, String text) throws InterruptedException"}
{"logLevel":"debug","message":"\tSelect {} element at {} index in : public void selectElementAtIndex(String key, String index)"}
