19-08-2023 14:43:49.164 [Gauge] [INFO] Initializing concepts cache with 0 concepts
19-08-2023 14:43:49.166 [Gauge] [INFO] Initializing specs cache with 1 specs
19-08-2023 14:43:49.166 [Gauge] [DEBUG] Adding specs from /Users/testinium/Downloads/OtmOdev/specs/Caseler.spec
19-08-2023 14:43:49.166 [Gauge] [INFO] Initializing steps cache with 1 steps
19-08-2023 14:43:49.166 [Gauge] [INFO] Gauge daemon initialized and listening on port: 49729
19-08-2023 14:43:49.167 [Gauge] [DEBUG] Watching directory: /Users/testinium/Downloads/OtmOdev/specs
19-08-2023 14:43:49.167 [Gauge] [DEBUG] Found 1 files
19-08-2023 14:43:54.187 [Gauge] [DEBUG] Api Request Received: messageType:GetLanguagePluginLibPathRequest  messageId:5  libPathRequest:{language:"java"}
19-08-2023 14:43:54.189 [Gauge] [DEBUG] Sending API response: messageType:GetLanguagePluginLibPathResponse  messageId:5  libPathResponse:{path:"/Users/testinium/.gauge/plugins/java/0.10.1/libs"}
19-08-2023 14:44:04.879 [Gauge] [INFO] Initializing concepts cache with 0 concepts
19-08-2023 14:44:04.879 [Gauge] [INFO] Initializing specs cache with 1 specs
19-08-2023 14:44:04.879 [Gauge] [DEBUG] Adding specs from /Users/testinium/Downloads/OtmOdev/specs/Caseler.spec
19-08-2023 14:44:04.879 [Gauge] [INFO] Initializing steps cache with 1 steps
19-08-2023 14:44:04.879 [Gauge] [INFO] Gauge daemon initialized and listening on port: 49752
19-08-2023 14:44:04.879 [Gauge] [DEBUG] Watching directory: /Users/testinium/Downloads/OtmOdev/specs
19-08-2023 14:44:04.879 [Gauge] [DEBUG] Found 1 files
19-08-2023 14:46:39.870 [Gauge] [INFO] Initializing concepts cache with 0 concepts
19-08-2023 14:46:39.872 [Gauge] [INFO] Initializing specs cache with 1 specs
19-08-2023 14:46:39.872 [Gauge] [DEBUG] Adding specs from /Users/testinium/Downloads/OtmOdev/specs/Caseler.spec
19-08-2023 14:46:39.872 [Gauge] [INFO] Initializing steps cache with 1 steps
19-08-2023 14:46:39.872 [Gauge] [INFO] Gauge daemon initialized and listening on port: 49799
19-08-2023 14:46:39.873 [Gauge] [DEBUG] Watching directory: /Users/testinium/Downloads/OtmOdev/specs
19-08-2023 14:46:39.873 [Gauge] [DEBUG] Found 1 files
15-09-2023 08:36:53.477 [Gauge] [INFO] Initializing concepts cache with 0 concepts
15-09-2023 08:36:53.480 [Gauge] [INFO] Initializing specs cache with 1 specs
15-09-2023 08:36:53.480 [Gauge] [DEBUG] Adding specs from /Users/testinium/Downloads/OtmOdev/specs/Caseler.spec
15-09-2023 08:36:53.481 [Gauge] [INFO] Initializing steps cache with 1 steps
15-09-2023 08:36:53.481 [Gauge] [INFO] Gauge daemon initialized and listening on port: 49566
15-09-2023 08:36:53.482 [Gauge] [DEBUG] Watching directory: /Users/testinium/Downloads/OtmOdev/specs
15-09-2023 08:36:53.482 [Gauge] [DEBUG] Found 1 files
15-09-2023 08:36:58.799 [Gauge] [DEBUG] Api Request Received: messageType:GetStepValueRequest  messageId:4  stepValueRequest:{stepText:"Setup Driver \"CHROME\""}
15-09-2023 08:36:58.799 [Gauge] [DEBUG] Sending API response: messageType:GetStepValueResponse  messageId:4  stepValueResponse:{stepValue:{stepValue:"Setup Driver {}"  parameterizedStepValue:"Setup Driver <CHROME>"  parameters:"CHROME"}}
15-09-2023 08:36:58.802 [Gauge] [DEBUG] Api Request Received: messageType:GetStepValueRequest  messageId:4  stepValueRequest:{stepText:"Go to <url>"}
15-09-2023 08:36:58.802 [Gauge] [DEBUG] Sending API response: messageType:GetStepValueResponse  messageId:4  stepValueResponse:{stepValue:{stepValue:"Go to {}"  parameterizedStepValue:"Go to <url>"  parameters:"url"}}
15-09-2023 08:36:58.802 [Gauge] [DEBUG] Api Request Received: messageType:GetStepValueRequest  messageId:4  stepValueRequest:{stepText:"Focus on last tab"}
15-09-2023 08:36:58.802 [Gauge] [DEBUG] Sending API response: messageType:GetStepValueResponse  messageId:4  stepValueResponse:{stepValue:{stepValue:"Focus on last tab"  parameterizedStepValue:"Focus on last tab"}}
15-09-2023 08:36:58.803 [Gauge] [DEBUG] Api Request Received: messageType:GetStepValueRequest  messageId:4  stepValueRequest:{stepText:"Son sekmeye odaklan"}
15-09-2023 08:36:58.803 [Gauge] [DEBUG] Sending API response: messageType:GetStepValueResponse  messageId:4  stepValueResponse:{stepValue:{stepValue:"Son sekmeye odaklan"  parameterizedStepValue:"Son sekmeye odaklan"}}
15-09-2023 08:36:58.803 [Gauge] [DEBUG] Api Request Received: messageType:GetStepValueRequest  messageId:4  stepValueRequest:{stepText:"<elementName> Elementini sayfada bul"}
15-09-2023 08:36:58.803 [Gauge] [DEBUG] Sending API response: messageType:GetStepValueResponse  messageId:4  stepValueResponse:{stepValue:{stepValue:"{} Elementini sayfada bul"  parameterizedStepValue:"<elementName> Elementini sayfada bul"  parameters:"elementName"}}
15-09-2023 08:36:58.803 [Gauge] [DEBUG] Api Request Received: messageType:GetStepValueRequest  messageId:4  stepValueRequest:{stepText:"<int> saniye Bekle"}
15-09-2023 08:36:58.803 [Gauge] [DEBUG] Sending API response: messageType:GetStepValueResponse  messageId:4  stepValueResponse:{stepValue:{stepValue:"{} saniye Bekle"  parameterizedStepValue:"<int> saniye Bekle"  parameters:"int"}}
15-09-2023 08:36:58.803 [Gauge] [DEBUG] Api Request Received: messageType:GetStepValueRequest  messageId:4  stepValueRequest:{stepText:"<elementName> Elementine tıklanılır"}
15-09-2023 08:36:58.803 [Gauge] [DEBUG] Sending API response: messageType:GetStepValueResponse  messageId:4  stepValueResponse:{stepValue:{stepValue:"{} Elementine tıklanılır"  parameterizedStepValue:"<elementName> Elementine tıklanılır"  parameters:"elementName"}}
15-09-2023 08:36:58.803 [Gauge] [DEBUG] Api Request Received: messageType:GetStepValueRequest  messageId:4  stepValueRequest:{stepText:"<elementName> Elementine <text> değerini yaz"}
15-09-2023 08:36:58.803 [Gauge] [DEBUG] Sending API response: messageType:GetStepValueResponse  messageId:4  stepValueResponse:{stepValue:{stepValue:"{} Elementine {} değerini yaz"  parameterizedStepValue:"<elementName> Elementine <text> değerini yaz"  parameters:"elementName"  parameters:"text"}}
15-09-2023 08:36:58.803 [Gauge] [DEBUG] Api Request Received: messageType:GetStepValueRequest  messageId:4  stepValueRequest:{stepText:"<elementName> Elementine scroll et"}
15-09-2023 08:36:58.803 [Gauge] [DEBUG] Sending API response: messageType:GetStepValueResponse  messageId:4  stepValueResponse:{stepValue:{stepValue:"{} Elementine scroll et"  parameterizedStepValue:"<elementName> Elementine scroll et"  parameters:"elementName"}}
15-09-2023 08:36:58.804 [Gauge] [DEBUG] Api Request Received: messageType:GetStepValueRequest  messageId:4  stepValueRequest:{stepText:"url <text> textini içeriyor mu"}
15-09-2023 08:36:58.804 [Gauge] [DEBUG] Sending API response: messageType:GetStepValueResponse  messageId:4  stepValueResponse:{stepValue:{stepValue:"url {} textini içeriyor mu"  parameterizedStepValue:"url <text> textini içeriyor mu"  parameters:"text"}}
15-09-2023 08:36:58.804 [Gauge] [DEBUG] Api Request Received: messageType:GetStepValueRequest  messageId:4  stepValueRequest:{stepText:"js ile tikla <key>"}
15-09-2023 08:36:58.804 [Gauge] [DEBUG] Sending API response: messageType:GetStepValueResponse  messageId:4  stepValueResponse:{stepValue:{stepValue:"js ile tikla {}"  parameterizedStepValue:"js ile tikla <key>"  parameters:"key"}}
15-09-2023 08:36:58.804 [Gauge] [DEBUG] Api Request Received: messageType:GetStepValueRequest  messageId:4  stepValueRequest:{stepText:"<elementName> Elementi görülürse tıklanılır"}
15-09-2023 08:36:58.804 [Gauge] [DEBUG] Sending API response: messageType:GetStepValueResponse  messageId:4  stepValueResponse:{stepValue:{stepValue:"{} Elementi görülürse tıklanılır"  parameterizedStepValue:"<elementName> Elementi görülürse tıklanılır"  parameters:"elementName"}}
15-09-2023 08:36:58.804 [Gauge] [DEBUG] Api Request Received: messageType:GetStepValueRequest  messageId:4  stepValueRequest:{stepText:"Select <key> element at <index> index in"}
15-09-2023 08:36:58.804 [Gauge] [DEBUG] Sending API response: messageType:GetStepValueResponse  messageId:4  stepValueResponse:{stepValue:{stepValue:"Select {} element at {} index in"  parameterizedStepValue:"Select <key> element at <index> index in"  parameters:"key"  parameters:"index"}}
15-09-2023 08:36:58.804 [Gauge] [DEBUG] Api Request Received: messageType:GetStepValueRequest  messageId:4  stepValueRequest:{stepText:"Check if element <key> exists in"}
15-09-2023 08:36:58.804 [Gauge] [DEBUG] Sending API response: messageType:GetStepValueResponse  messageId:4  stepValueResponse:{stepValue:{stepValue:"Check if element {} exists in"  parameterizedStepValue:"Check if element <key> exists in"  parameters:"key"}}
15-09-2023 08:36:58.804 [Gauge] [DEBUG] Api Request Received: messageType:GetStepValueRequest  messageId:4  stepValueRequest:{stepText:"Element var mı kontrol et <key> in"}
15-09-2023 08:36:58.804 [Gauge] [DEBUG] Sending API response: messageType:GetStepValueResponse  messageId:4  stepValueResponse:{stepValue:{stepValue:"Element var mı kontrol et {} in"  parameterizedStepValue:"Element var mı kontrol et <key> in"  parameters:"key"}}
15-09-2023 08:36:58.804 [Gauge] [DEBUG] Api Request Received: messageType:GetStepValueRequest  messageId:4  stepValueRequest:{stepText:"Setup Driver <browserName>"}
15-09-2023 08:36:58.804 [Gauge] [DEBUG] Sending API response: messageType:GetStepValueResponse  messageId:4  stepValueResponse:{stepValue:{stepValue:"Setup Driver {}"  parameterizedStepValue:"Setup Driver <browserName>"  parameters:"browserName"}}
15-09-2023 08:36:58.806 [Gauge] [DEBUG] Api Request Received: messageType:GetStepValueRequest  messageId:4  stepValueRequest:{stepText:"Go to \"https://www.arabam.com/\""}
15-09-2023 08:36:58.806 [Gauge] [DEBUG] Sending API response: messageType:GetStepValueResponse  messageId:4  stepValueResponse:{stepValue:{stepValue:"Go to {}"  parameterizedStepValue:"Go to <https://www.arabam.com/>"  parameters:"https://www.arabam.com/"}}
15-09-2023 08:36:58.807 [Gauge] [DEBUG] Api Request Received: messageType:GetStepValueRequest  messageId:4  stepValueRequest:{stepText:"\"Giris_Yap_Butonu\" Elementine tıklanılır"}
15-09-2023 08:36:58.807 [Gauge] [DEBUG] Sending API response: messageType:GetStepValueResponse  messageId:4  stepValueResponse:{stepValue:{stepValue:"{} Elementine tıklanılır"  parameterizedStepValue:"<Giris_Yap_Butonu> Elementine tıklanılır"  parameters:"Giris_Yap_Butonu"}}
15-09-2023 08:36:58.808 [Gauge] [DEBUG] Api Request Received: messageType:GetStepValueRequest  messageId:4  stepValueRequest:{stepText:"\"Google_ile_Giriş _Yap\" Elementine tıklanılır"}
15-09-2023 08:36:58.808 [Gauge] [DEBUG] Sending API response: messageType:GetStepValueResponse  messageId:4  stepValueResponse:{stepValue:{stepValue:"{} Elementine tıklanılır"  parameterizedStepValue:"<Google_ile_Giriş _Yap> Elementine tıklanılır"  parameters:"Google_ile_Giriş _Yap"}}
15-09-2023 08:36:58.809 [Gauge] [DEBUG] Api Request Received: messageType:GetStepValueRequest  messageId:4  stepValueRequest:{stepText:"\"E_Posta_Input\" Elementine \"karakustolga86@gmail.com\" değerini yaz"}
15-09-2023 08:36:58.809 [Gauge] [DEBUG] Sending API response: messageType:GetStepValueResponse  messageId:4  stepValueResponse:{stepValue:{stepValue:"{} Elementine {} değerini yaz"  parameterizedStepValue:"<E_Posta_Input> Elementine <karakustolga86@gmail.com> değerini yaz"  parameters:"E_Posta_Input"  parameters:"karakustolga86@gmail.com"}}
15-09-2023 08:36:58.810 [Gauge] [DEBUG] Api Request Received: messageType:GetStepValueRequest  messageId:4  stepValueRequest:{stepText:"\"Email_Next_Button\" Elementine tıklanılır"}
15-09-2023 08:36:58.810 [Gauge] [DEBUG] Sending API response: messageType:GetStepValueResponse  messageId:4  stepValueResponse:{stepValue:{stepValue:"{} Elementine tıklanılır"  parameterizedStepValue:"<Email_Next_Button> Elementine tıklanılır"  parameters:"Email_Next_Button"}}
15-09-2023 08:36:58.811 [Gauge] [DEBUG] Api Request Received: messageType:GetStepValueRequest  messageId:4  stepValueRequest:{stepText:"\"Password_Input\" Elementine \"Gs1905Gs.\" değerini yaz"}
15-09-2023 08:36:58.811 [Gauge] [DEBUG] Sending API response: messageType:GetStepValueResponse  messageId:4  stepValueResponse:{stepValue:{stepValue:"{} Elementine {} değerini yaz"  parameterizedStepValue:"<Password_Input> Elementine <Gs1905Gs.> değerini yaz"  parameters:"Password_Input"  parameters:"Gs1905Gs."}}
15-09-2023 08:36:58.811 [Gauge] [DEBUG] Api Request Received: messageType:GetStepValueRequest  messageId:4  stepValueRequest:{stepText:"\"Password_Next_Button\" Elementine tıklanılır"}
15-09-2023 08:36:58.811 [Gauge] [DEBUG] Sending API response: messageType:GetStepValueResponse  messageId:4  stepValueResponse:{stepValue:{stepValue:"{} Elementine tıklanılır"  parameterizedStepValue:"<Password_Next_Button> Elementine tıklanılır"  parameters:"Password_Next_Button"}}
15-09-2023 08:36:58.811 [Gauge] [DEBUG] Api Request Received: messageType:GetStepValueRequest  messageId:4  stepValueRequest:{stepText:"\"7\" saniye Bekle"}
15-09-2023 08:36:58.811 [Gauge] [DEBUG] Sending API response: messageType:GetStepValueResponse  messageId:4  stepValueResponse:{stepValue:{stepValue:"{} saniye Bekle"  parameterizedStepValue:"<7> saniye Bekle"  parameters:"7"}}
15-09-2023 08:36:58.813 [Gauge] [DEBUG] Api Request Received: messageType:GetStepValueRequest  messageId:4  stepValueRequest:{stepText:"\"Search_Input\" Elementine \"BMW\" değerini yaz"}
15-09-2023 08:36:58.813 [Gauge] [DEBUG] Sending API response: messageType:GetStepValueResponse  messageId:4  stepValueResponse:{stepValue:{stepValue:"{} Elementine {} değerini yaz"  parameterizedStepValue:"<Search_Input> Elementine <BMW> değerini yaz"  parameters:"Search_Input"  parameters:"BMW"}}
15-09-2023 08:36:58.813 [Gauge] [DEBUG] Api Request Received: messageType:GetStepValueRequest  messageId:4  stepValueRequest:{stepText:"\"Search_Button\" Elementine tıklanılır"}
15-09-2023 08:36:58.813 [Gauge] [DEBUG] Sending API response: messageType:GetStepValueResponse  messageId:4  stepValueResponse:{stepValue:{stepValue:"{} Elementine tıklanılır"  parameterizedStepValue:"<Search_Button> Elementine tıklanılır"  parameters:"Search_Button"}}
15-09-2023 08:36:58.814 [Gauge] [DEBUG] Api Request Received: messageType:GetStepValueRequest  messageId:4  stepValueRequest:{stepText:"Select \"Car_List\" element at \"1\" index in"}
15-09-2023 08:36:58.814 [Gauge] [DEBUG] Sending API response: messageType:GetStepValueResponse  messageId:4  stepValueResponse:{stepValue:{stepValue:"Select {} element at {} index in"  parameterizedStepValue:"Select <Car_List> element at <1> index in"  parameters:"Car_List"  parameters:"1"}}
15-09-2023 08:36:58.815 [Gauge] [DEBUG] Api Request Received: messageType:GetStepValueRequest  messageId:4  stepValueRequest:{stepText:"Check if element \"Car_Price_Text\" exists in"}
15-09-2023 08:36:58.815 [Gauge] [DEBUG] Sending API response: messageType:GetStepValueResponse  messageId:4  stepValueResponse:{stepValue:{stepValue:"Check if element {} exists in"  parameterizedStepValue:"Check if element <Car_Price_Text> exists in"  parameters:"Car_Price_Text"}}
15-09-2023 08:45:22.361 [Gauge] [INFO] Initializing concepts cache with 0 concepts
15-09-2023 08:45:22.364 [Gauge] [INFO] Initializing specs cache with 1 specs
15-09-2023 08:45:22.364 [Gauge] [DEBUG] Adding specs from /Users/testinium/Downloads/OtmOdev/specs/Caseler.spec
15-09-2023 08:45:22.364 [Gauge] [INFO] Initializing steps cache with 1 steps
15-09-2023 08:45:22.364 [Gauge] [INFO] Gauge daemon initialized and listening on port: 49698
15-09-2023 08:45:22.365 [Gauge] [DEBUG] Watching directory: /Users/testinium/Downloads/OtmOdev/specs
15-09-2023 08:45:22.365 [Gauge] [DEBUG] Found 1 files
15-09-2023 08:45:27.604 [Gauge] [INFO] Closing connection [127.0.0.1:49708] cause: EOF
15-09-2023 09:00:29.098 [Gauge] [INFO] Initializing concepts cache with 0 concepts
15-09-2023 09:00:29.100 [Gauge] [INFO] Initializing specs cache with 1 specs
15-09-2023 09:00:29.100 [Gauge] [DEBUG] Adding specs from /Users/testinium/Downloads/OtmOdev/specs/Caseler.spec
15-09-2023 09:00:29.100 [Gauge] [INFO] Initializing steps cache with 1 steps
15-09-2023 09:00:29.100 [Gauge] [INFO] Gauge daemon initialized and listening on port: 49818
15-09-2023 09:00:29.102 [Gauge] [DEBUG] Watching directory: /Users/testinium/Downloads/OtmOdev/specs
15-09-2023 09:00:29.102 [Gauge] [DEBUG] Found 1 files
15-09-2023 11:39:58.993 [Gauge] [INFO] Initializing concepts cache with 0 concepts
15-09-2023 11:39:58.997 [Gauge] [INFO] Initializing specs cache with 1 specs
15-09-2023 11:39:58.997 [Gauge] [DEBUG] Adding specs from /Users/testinium/Downloads/OtmOdev/specs/Caseler.spec
15-09-2023 11:39:58.997 [Gauge] [INFO] Initializing steps cache with 1 steps
15-09-2023 11:39:58.998 [Gauge] [INFO] Gauge daemon initialized and listening on port: 50818
15-09-2023 11:39:58.999 [Gauge] [DEBUG] Watching directory: /Users/testinium/Downloads/OtmOdev/specs
15-09-2023 11:39:58.999 [Gauge] [DEBUG] Found 1 files
15-09-2023 11:54:09.215 [Gauge] [INFO] Initializing concepts cache with 0 concepts
15-09-2023 11:54:09.216 [Gauge] [INFO] Initializing specs cache with 1 specs
15-09-2023 11:54:09.216 [Gauge] [DEBUG] Adding specs from /Users/testinium/Downloads/OtmOdev/specs/Caseler.spec
15-09-2023 11:54:09.216 [Gauge] [INFO] Initializing steps cache with 1 steps
15-09-2023 11:54:09.216 [Gauge] [INFO] Gauge daemon initialized and listening on port: 51034
15-09-2023 11:54:09.216 [Gauge] [DEBUG] Watching directory: /Users/testinium/Downloads/OtmOdev/specs
15-09-2023 11:54:09.216 [Gauge] [DEBUG] Found 1 files
15-09-2023 12:09:56.506 [Gauge] [INFO] Initializing concepts cache with 0 concepts
15-09-2023 12:09:56.508 [Gauge] [INFO] Initializing specs cache with 1 specs
15-09-2023 12:09:56.508 [Gauge] [DEBUG] Adding specs from /Users/testinium/Downloads/OtmOdev/specs/Caseler.spec
15-09-2023 12:09:56.508 [Gauge] [INFO] Initializing steps cache with 1 steps
15-09-2023 12:09:56.508 [Gauge] [INFO] Gauge daemon initialized and listening on port: 51246
15-09-2023 12:09:56.511 [Gauge] [DEBUG] Watching directory: /Users/testinium/Downloads/OtmOdev/specs
15-09-2023 12:09:56.511 [Gauge] [DEBUG] Found 1 files
